<?xml version="1.0" encoding="UTF-8"?>
<testng-results skipped="0" failed="0" ignored="0" total="1" passed="1">
  <reporter-output>
  </reporter-output>
  <suite name="Default suite" duration-ms="2090" started-at="2019-01-08T19:21:13Z" finished-at="2019-01-08T19:21:15Z">
    <groups>
    </groups>
    <test name="Default test" duration-ms="2090" started-at="2019-01-08T19:21:13Z" finished-at="2019-01-08T19:21:15Z">
      <class name="com.qa.test.GetAPITest">
        <test-method status="PASS" signature="setup()[pri:0, instance:com.qa.test.GetAPITest@20e2cbe0]" name="setup" is-config="true" duration-ms="12" started-at="2019-01-08T19:21:13Z" finished-at="2019-01-08T19:21:13Z">
          <reporter-output>
          </reporter-output>
        </test-method> <!-- setup -->
        <test-method status="PASS" signature="getAPITest()[pri:0, instance:com.qa.test.GetAPITest@20e2cbe0]" name="getAPITest" duration-ms="2038" started-at="2019-01-08T19:21:13Z" finished-at="2019-01-08T19:21:15Z">
          <reporter-output>
          </reporter-output>
        </test-method> <!-- getAPITest -->
      </class> <!-- com.qa.test.GetAPITest -->
    </test> <!-- Default test -->
  </suite> <!-- Default suite -->
</testng-results>
